03.05.2012 18:31:15 org.apache.catalina.core.AprLifecycleListener init
INFO: The APR based Apache Tomcat Native library which allows optimal performance in production environments was not found on the java.library.path: C:\Program Files\Java\jdk1.6.0_25\bin;.;C:\Windows\Sun\Java\bin;C:\Windows\system32;C:\Windows;C:\Program Files\MiKTeX 2.9\miktex\bin;C:\Program Files\Common Files\Microsoft Shared\Windows Live;C:\Windows\system32;C:\Windows;C:\Windows\System32\Wbem;C:\Windows\System32\WindowsPowerShell\v1.0\;C:\Program Files\Windows Live\Shared;C:\Program Files\MySQL\MySQL Server 5.5\bin
03.05.2012 18:31:20 org.apache.coyote.AbstractProtocol init
INFO: Initializing ProtocolHandler ["http-bio-8080"]
03.05.2012 18:31:20 org.apache.coyote.AbstractProtocol init
INFO: Initializing ProtocolHandler ["ajp-bio-8009"]
03.05.2012 18:31:20 org.apache.catalina.startup.Catalina load
INFO: Initialization processed in 6141 ms
03.05.2012 18:31:20 org.apache.catalina.core.StandardService startInternal
INFO: Starting service Catalina
03.05.2012 18:31:20 org.apache.catalina.core.StandardEngine startInternal
INFO: Starting Servlet Engine: Apache Tomcat/7.0.21
03.05.2012 18:31:20 org.apache.catalina.startup.HostConfig deployDirectory
INFO: Deploying web application directory docs
03.05.2012 18:31:21 org.apache.catalina.util.SessionIdGenerator createSecureRandom
INFO: Creation of SecureRandom instance for session ID generation using [SHA1PRNG] took [189] milliseconds.
03.05.2012 18:31:22 org.apache.catalina.startup.HostConfig deployDirectory
INFO: Deploying web application directory examples
03.05.2012 18:31:23 org.apache.catalina.startup.HostConfig deployDirectory
INFO: Deploying web application directory host-manager
03.05.2012 18:31:24 org.apache.catalina.startup.HostConfig deployDirectory
INFO: Deploying web application directory manager
03.05.2012 18:31:24 org.apache.catalina.startup.HostConfig deployDirectory
INFO: Deploying web application directory ROOT
03.05.2012 18:31:24 org.apache.coyote.AbstractProtocol start
INFO: Starting ProtocolHandler ["http-bio-8080"]
03.05.2012 18:31:24 org.apache.coyote.AbstractProtocol start
INFO: Starting ProtocolHandler ["ajp-bio-8009"]
03.05.2012 18:31:24 org.apache.catalina.startup.Catalina start
INFO: Server startup in 4267 ms
03.05.2012 19:10:29 org.apache.catalina.startup.HostConfig deployDirectory
INFO: Deploying web application directory blazeds-bin-4.0.1.21287
03.05.2012 19:11:40 org.apache.catalina.startup.HostConfig deployDirectory
INFO: Deploying web application directory blazeds
03.05.2012 19:12:03 org.apache.catalina.core.AprLifecycleListener init
INFO: The APR based Apache Tomcat Native library which allows optimal performance in production environments was not found on the java.library.path: C:\Program Files\Java\jdk1.6.0_25\bin;.;C:\Windows\Sun\Java\bin;C:\Windows\system32;C:\Windows;C:\Program Files\MiKTeX 2.9\miktex\bin;C:\Program Files\Common Files\Microsoft Shared\Windows Live;C:\Windows\system32;C:\Windows;C:\Windows\System32\Wbem;C:\Windows\System32\WindowsPowerShell\v1.0\;C:\Program Files\Windows Live\Shared;C:\Program Files\MySQL\MySQL Server 5.5\bin
03.05.2012 19:12:04 org.apache.catalina.core.StandardServer await
INFO: A valid shutdown command was received via the shutdown port. Stopping the Server instance.
03.05.2012 19:12:04 org.apache.coyote.AbstractProtocol pause
INFO: Pausing ProtocolHandler ["http-bio-8080"]
03.05.2012 19:12:05 org.apache.coyote.AbstractProtocol init
INFO: Initializing ProtocolHandler ["http-bio-8080"]
03.05.2012 19:12:05 org.apache.coyote.AbstractProtocol init
SCHWERWIEGEND: Failed to initialize end point associated with ProtocolHandler ["http-bio-8080"]
java.net.BindException: Address already in use: JVM_Bind <null>:8080
	at org.apache.tomcat.util.net.JIoEndpoint.bind(JIoEndpoint.java:384)
	at org.apache.tomcat.util.net.AbstractEndpoint.init(AbstractEndpoint.java:492)
	at org.apache.coyote.AbstractProtocol.init(AbstractProtocol.java:369)
	at org.apache.coyote.http11.AbstractHttp11JsseProtocol.init(AbstractHttp11JsseProtocol.java:119)
	at org.apache.catalina.connector.Connector.initInternal(Connector.java:909)
	at org.apache.catalina.util.LifecycleBase.init(LifecycleBase.java:102)
	at org.apache.catalina.core.StandardService.initInternal(StandardService.java:559)
	at org.apache.catalina.util.LifecycleBase.init(LifecycleBase.java:102)
	at org.apache.catalina.core.StandardServer.initInternal(StandardServer.java:781)
	at org.apache.catalina.util.LifecycleBase.init(LifecycleBase.java:102)
	at org.apache.catalina.startup.Catalina.load(Catalina.java:573)
	at org.apache.catalina.startup.Catalina.load(Catalina.java:596)
	at sun.reflect.NativeMethodAccessorImpl.invoke0(Native Method)
	at sun.reflect.NativeMethodAccessorImpl.invoke(NativeMethodAccessorImpl.java:39)
	at sun.reflect.DelegatingMethodAccessorImpl.invoke(DelegatingMethodAccessorImpl.java:25)
	at java.lang.reflect.Method.invoke(Method.java:597)
	at org.apache.catalina.startup.Bootstrap.load(Bootstrap.java:281)
	at org.apache.catalina.startup.Bootstrap.main(Bootstrap.java:449)
Caused by: java.net.BindException: Address already in use: JVM_Bind
	at java.net.PlainSocketImpl.socketBind(Native Method)
	at java.net.PlainSocketImpl.bind(PlainSocketImpl.java:383)
	at java.net.ServerSocket.bind(ServerSocket.java:328)
	at java.net.ServerSocket.<init>(ServerSocket.java:194)
	at java.net.ServerSocket.<init>(ServerSocket.java:150)
	at org.apache.tomcat.util.net.DefaultServerSocketFactory.createSocket(DefaultServerSocketFactory.java:48)
	at org.apache.tomcat.util.net.JIoEndpoint.bind(JIoEndpoint.java:371)
	... 17 more
03.05.2012 19:12:05 org.apache.catalina.core.StandardService initInternal
SCHWERWIEGEND: Failed to initialize connector [Connector[HTTP/1.1-8080]]
org.apache.catalina.LifecycleException: Failed to initialize component [Connector[HTTP/1.1-8080]]
	at org.apache.catalina.util.LifecycleBase.init(LifecycleBase.java:106)
	at org.apache.catalina.core.StandardService.initInternal(StandardService.java:559)
	at org.apache.catalina.util.LifecycleBase.init(LifecycleBase.java:102)
	at org.apache.catalina.core.StandardServer.initInternal(StandardServer.java:781)
	at org.apache.catalina.util.LifecycleBase.init(LifecycleBase.java:102)
	at org.apache.catalina.startup.Catalina.load(Catalina.java:573)
	at org.apache.catalina.startup.Catalina.load(Catalina.java:596)
	at sun.reflect.NativeMethodAccessorImpl.invoke0(Native Method)
	at sun.reflect.NativeMethodAccessorImpl.invoke(NativeMethodAccessorImpl.java:39)
	at sun.reflect.DelegatingMethodAccessorImpl.invoke(DelegatingMethodAccessorImpl.java:25)
	at java.lang.reflect.Method.invoke(Method.java:597)
	at org.apache.catalina.startup.Bootstrap.load(Bootstrap.java:281)
	at org.apache.catalina.startup.Bootstrap.main(Bootstrap.java:449)
Caused by: org.apache.catalina.LifecycleException: Protocol handler initialization failed
	at org.apache.catalina.connector.Connector.initInternal(Connector.java:911)
	at org.apache.catalina.util.LifecycleBase.init(LifecycleBase.java:102)
	... 12 more
Caused by: java.net.BindException: Address already in use: JVM_Bind <null>:8080
	at org.apache.tomcat.util.net.JIoEndpoint.bind(JIoEndpoint.java:384)
	at org.apache.tomcat.util.net.AbstractEndpoint.init(AbstractEndpoint.java:492)
	at org.apache.coyote.AbstractProtocol.init(AbstractProtocol.java:369)
	at org.apache.coyote.http11.AbstractHttp11JsseProtocol.init(AbstractHttp11JsseProtocol.java:119)
	at org.apache.catalina.connector.Connector.initInternal(Connector.java:909)
	... 13 more
Caused by: java.net.BindException: Address already in use: JVM_Bind
	at java.net.PlainSocketImpl.socketBind(Native Method)
	at java.net.PlainSocketImpl.bind(PlainSocketImpl.java:383)
	at java.net.ServerSocket.bind(ServerSocket.java:328)
	at java.net.ServerSocket.<init>(ServerSocket.java:194)
	at java.net.ServerSocket.<init>(ServerSocket.java:150)
	at org.apache.tomcat.util.net.DefaultServerSocketFactory.createSocket(DefaultServerSocketFactory.java:48)
	at org.apache.tomcat.util.net.JIoEndpoint.bind(JIoEndpoint.java:371)
	... 17 more
03.05.2012 19:12:05 org.apache.coyote.AbstractProtocol init
INFO: Initializing ProtocolHandler ["ajp-bio-8009"]
03.05.2012 19:12:05 org.apache.coyote.AbstractProtocol init
SCHWERWIEGEND: Failed to initialize end point associated with ProtocolHandler ["ajp-bio-8009"]
java.net.BindException: Address already in use: JVM_Bind <null>:8009
	at org.apache.tomcat.util.net.JIoEndpoint.bind(JIoEndpoint.java:384)
	at org.apache.tomcat.util.net.AbstractEndpoint.init(AbstractEndpoint.java:492)
	at org.apache.coyote.AbstractProtocol.init(AbstractProtocol.java:369)
	at org.apache.catalina.connector.Connector.initInternal(Connector.java:909)
	at org.apache.catalina.util.LifecycleBase.init(LifecycleBase.java:102)
	at org.apache.catalina.core.StandardService.initInternal(StandardService.java:559)
	at org.apache.catalina.util.LifecycleBase.init(LifecycleBase.java:102)
	at org.apache.catalina.core.StandardServer.initInternal(StandardServer.java:781)
	at org.apache.catalina.util.LifecycleBase.init(LifecycleBase.java:102)
	at org.apache.catalina.startup.Catalina.load(Catalina.java:573)
	at org.apache.catalina.startup.Catalina.load(Catalina.java:596)
	at sun.reflect.NativeMethodAccessorImpl.invoke0(Native Method)
	at sun.reflect.NativeMethodAccessorImpl.invoke(NativeMethodAccessorImpl.java:39)
	at sun.reflect.DelegatingMethodAccessorImpl.invoke(DelegatingMethodAccessorImpl.java:25)
	at java.lang.reflect.Method.invoke(Method.java:597)
	at org.apache.catalina.startup.Bootstrap.load(Bootstrap.java:281)
	at org.apache.catalina.startup.Bootstrap.main(Bootstrap.java:449)
Caused by: java.net.BindException: Address already in use: JVM_Bind
	at java.net.PlainSocketImpl.socketBind(Native Method)
	at java.net.PlainSocketImpl.bind(PlainSocketImpl.java:383)
	at java.net.ServerSocket.bind(ServerSocket.java:328)
	at java.net.ServerSocket.<init>(ServerSocket.java:194)
	at java.net.ServerSocket.<init>(ServerSocket.java:150)
	at org.apache.tomcat.util.net.DefaultServerSocketFactory.createSocket(DefaultServerSocketFactory.java:48)
	at org.apache.tomcat.util.net.JIoEndpoint.bind(JIoEndpoint.java:371)
	... 16 more
03.05.2012 19:12:05 org.apache.catalina.core.StandardService initInternal
SCHWERWIEGEND: Failed to initialize connector [Connector[AJP/1.3-8009]]
org.apache.catalina.LifecycleException: Failed to initialize component [Connector[AJP/1.3-8009]]
	at org.apache.catalina.util.LifecycleBase.init(LifecycleBase.java:106)
	at org.apache.catalina.core.StandardService.initInternal(StandardService.java:559)
	at org.apache.catalina.util.LifecycleBase.init(LifecycleBase.java:102)
	at org.apache.catalina.core.StandardServer.initInternal(StandardServer.java:781)
	at org.apache.catalina.util.LifecycleBase.init(LifecycleBase.java:102)
	at org.apache.catalina.startup.Catalina.load(Catalina.java:573)
	at org.apache.catalina.startup.Catalina.load(Catalina.java:596)
	at sun.reflect.NativeMethodAccessorImpl.invoke0(Native Method)
	at sun.reflect.NativeMethodAccessorImpl.invoke(NativeMethodAccessorImpl.java:39)
	at sun.reflect.DelegatingMethodAccessorImpl.invoke(DelegatingMethodAccessorImpl.java:25)
	at java.lang.reflect.Method.invoke(Method.java:597)
	at org.apache.catalina.startup.Bootstrap.load(Bootstrap.java:281)
	at org.apache.catalina.startup.Bootstrap.main(Bootstrap.java:449)
Caused by: org.apache.catalina.LifecycleException: Protocol handler initialization failed
	at org.apache.catalina.connector.Connector.initInternal(Connector.java:911)
	at org.apache.catalina.util.LifecycleBase.init(LifecycleBase.java:102)
	... 12 more
Caused by: java.net.BindException: Address already in use: JVM_Bind <null>:8009
	at org.apache.tomcat.util.net.JIoEndpoint.bind(JIoEndpoint.java:384)
	at org.apache.tomcat.util.net.AbstractEndpoint.init(AbstractEndpoint.java:492)
	at org.apache.coyote.AbstractProtocol.init(AbstractProtocol.java:369)
	at org.apache.catalina.connector.Connector.initInternal(Connector.java:909)
	... 13 more
Caused by: java.net.BindException: Address already in use: JVM_Bind
	at java.net.PlainSocketImpl.socketBind(Native Method)
	at java.net.PlainSocketImpl.bind(PlainSocketImpl.java:383)
	at java.net.ServerSocket.bind(ServerSocket.java:328)
	at java.net.ServerSocket.<init>(ServerSocket.java:194)
	at java.net.ServerSocket.<init>(ServerSocket.java:150)
	at org.apache.tomcat.util.net.DefaultServerSocketFactory.createSocket(DefaultServerSocketFactory.java:48)
	at org.apache.tomcat.util.net.JIoEndpoint.bind(JIoEndpoint.java:371)
	... 16 more
03.05.2012 19:12:05 org.apache.catalina.startup.Catalina load
INFO: Initialization processed in 3445 ms
03.05.2012 19:12:06 org.apache.catalina.core.StandardService startInternal
INFO: Starting service Catalina
03.05.2012 19:12:06 org.apache.catalina.core.StandardEngine startInternal
INFO: Starting Servlet Engine: Apache Tomcat/7.0.21
03.05.2012 19:12:06 org.apache.catalina.startup.HostConfig deployDirectory
INFO: Deploying web application directory blazeds
03.05.2012 19:12:06 org.apache.coyote.AbstractProtocol pause
INFO: Pausing ProtocolHandler ["ajp-bio-8009"]
03.05.2012 19:12:07 org.apache.catalina.util.SessionIdGenerator createSecureRandom
INFO: Creation of SecureRandom instance for session ID generation using [SHA1PRNG] took [325] milliseconds.
03.05.2012 19:12:07 org.apache.catalina.core.StandardService stopInternal
INFO: Stopping service Catalina
03.05.2012 19:12:07 org.apache.coyote.AbstractProtocol stop
INFO: Stopping ProtocolHandler ["http-bio-8080"]
03.05.2012 19:12:07 org.apache.coyote.AbstractProtocol stop
INFO: Stopping ProtocolHandler ["ajp-bio-8009"]
03.05.2012 19:12:07 org.apache.coyote.AbstractProtocol destroy
INFO: Destroying ProtocolHandler ["http-bio-8080"]
03.05.2012 19:12:07 org.apache.coyote.AbstractProtocol destroy
INFO: Destroying ProtocolHandler ["ajp-bio-8009"]
03.05.2012 19:12:07 org.apache.catalina.startup.HostConfig deployDirectory
INFO: Deploying web application directory blazeds-bin-4.0.1.21287
03.05.2012 19:12:08 org.apache.catalina.startup.HostConfig deployDirectory
INFO: Deploying web application directory docs
03.05.2012 19:12:08 org.apache.catalina.startup.HostConfig deployDirectory
INFO: Deploying web application directory examples
03.05.2012 19:12:08 org.apache.catalina.startup.HostConfig deployDirectory
INFO: Deploying web application directory host-manager
03.05.2012 19:12:08 org.apache.catalina.startup.HostConfig deployDirectory
INFO: Deploying web application directory manager
03.05.2012 19:12:08 org.apache.catalina.startup.HostConfig deployDirectory
INFO: Deploying web application directory ROOT
03.05.2012 19:12:08 org.apache.catalina.startup.Catalina start
INFO: Server startup in 2950 ms
03.05.2012 19:16:47 org.apache.catalina.core.StandardServer await
INFO: A valid shutdown command was received via the shutdown port. Stopping the Server instance.
03.05.2012 19:16:47 org.apache.coyote.AbstractProtocol pause
INFO: Pausing ProtocolHandler ["http-bio-8080"]
03.05.2012 19:16:47 org.apache.coyote.AbstractProtocol pause
INFO: Pausing ProtocolHandler ["ajp-bio-8009"]
03.05.2012 19:16:47 org.apache.catalina.core.StandardService stopInternal
INFO: Stopping service Catalina
03.05.2012 19:16:48 org.apache.coyote.AbstractProtocol destroy
INFO: Destroying ProtocolHandler ["http-bio-8080"]
03.05.2012 19:16:48 org.apache.coyote.AbstractProtocol destroy
INFO: Destroying ProtocolHandler ["ajp-bio-8009"]
03.05.2012 21:01:00 org.apache.catalina.core.AprLifecycleListener init
INFO: Loaded APR based Apache Tomcat Native library 1.1.22.
03.05.2012 21:01:00 org.apache.catalina.core.AprLifecycleListener init
INFO: APR capabilities: IPv6 [false], sendfile [true], accept filters [false], random [true].
03.05.2012 21:01:03 org.apache.coyote.AbstractProtocol init
INFO: Initializing ProtocolHandler ["http-apr-8080"]
03.05.2012 21:01:03 org.apache.coyote.AbstractProtocol init
INFO: Initializing ProtocolHandler ["ajp-apr-8009"]
03.05.2012 21:01:03 org.apache.catalina.startup.Catalina load
INFO: Initialization processed in 4755 ms
03.05.2012 21:01:03 org.apache.catalina.core.StandardService startInternal
INFO: Starting service Catalina
03.05.2012 21:01:03 org.apache.catalina.core.StandardEngine startInternal
INFO: Starting Servlet Engine: Apache Tomcat/7.0.21
03.05.2012 21:01:03 org.apache.catalina.startup.HostConfig deployDirectory
INFO: Deploying web application directory blazeds
03.05.2012 21:01:04 org.apache.catalina.util.SessionIdGenerator createSecureRandom
INFO: Creation of SecureRandom instance for session ID generation using [SHA1PRNG] took [260] milliseconds.
03.05.2012 21:01:05 org.apache.catalina.startup.HostConfig deployDirectory
INFO: Deploying web application directory docs
03.05.2012 21:01:06 org.apache.catalina.startup.HostConfig deployDirectory
INFO: Deploying web application directory examples
03.05.2012 21:01:06 org.apache.catalina.startup.HostConfig deployDirectory
INFO: Deploying web application directory host-manager
03.05.2012 21:01:06 org.apache.catalina.startup.HostConfig deployDirectory
INFO: Deploying web application directory manager
03.05.2012 21:01:06 org.apache.catalina.startup.HostConfig deployDirectory
INFO: Deploying web application directory ROOT
03.05.2012 21:01:06 org.apache.coyote.AbstractProtocol start
INFO: Starting ProtocolHandler ["http-apr-8080"]
03.05.2012 21:01:06 org.apache.coyote.AbstractProtocol start
INFO: Starting ProtocolHandler ["ajp-apr-8009"]
03.05.2012 21:01:06 org.apache.catalina.startup.Catalina start
INFO: Server startup in 3511 ms
03.05.2012 21:03:13 org.apache.catalina.core.StandardServer await
INFO: A valid shutdown command was received via the shutdown port. Stopping the Server instance.
03.05.2012 21:03:13 org.apache.coyote.AbstractProtocol pause
INFO: Pausing ProtocolHandler ["http-apr-8080"]
03.05.2012 21:03:14 org.apache.coyote.AbstractProtocol pause
INFO: Pausing ProtocolHandler ["ajp-apr-8009"]
03.05.2012 21:03:15 org.apache.catalina.core.StandardService stopInternal
INFO: Stopping service Catalina
03.05.2012 21:03:15 org.apache.coyote.AbstractProtocol stop
INFO: Stopping ProtocolHandler ["http-apr-8080"]
03.05.2012 21:03:15 org.apache.coyote.AbstractProtocol stop
INFO: Stopping ProtocolHandler ["ajp-apr-8009"]
03.05.2012 21:03:15 org.apache.coyote.AbstractProtocol destroy
INFO: Destroying ProtocolHandler ["http-apr-8080"]
03.05.2012 21:03:15 org.apache.coyote.AbstractProtocol destroy
INFO: Destroying ProtocolHandler ["ajp-apr-8009"]
03.05.2012 21:03:20 org.apache.catalina.core.AprLifecycleListener init
INFO: Loaded APR based Apache Tomcat Native library 1.1.22.
03.05.2012 21:03:20 org.apache.catalina.core.AprLifecycleListener init
INFO: APR capabilities: IPv6 [false], sendfile [true], accept filters [false], random [true].
03.05.2012 21:03:21 org.apache.coyote.AbstractProtocol init
INFO: Initializing ProtocolHandler ["http-apr-8080"]
03.05.2012 21:03:21 org.apache.coyote.AbstractProtocol init
INFO: Initializing ProtocolHandler ["ajp-apr-8009"]
03.05.2012 21:03:21 org.apache.catalina.startup.Catalina load
INFO: Initialization processed in 1460 ms
03.05.2012 21:03:21 org.apache.catalina.core.StandardService startInternal
INFO: Starting service Catalina
03.05.2012 21:03:21 org.apache.catalina.core.StandardEngine startInternal
INFO: Starting Servlet Engine: Apache Tomcat/7.0.21
03.05.2012 21:03:21 org.apache.catalina.startup.HostConfig deployDirectory
INFO: Deploying web application directory blazeds
03.05.2012 21:03:22 org.apache.catalina.startup.HostConfig deployDirectory
INFO: Deploying web application directory docs
03.05.2012 21:03:22 org.apache.catalina.startup.HostConfig deployDirectory
INFO: Deploying web application directory examples
03.05.2012 21:03:22 org.apache.catalina.startup.HostConfig deployDirectory
INFO: Deploying web application directory host-manager
03.05.2012 21:03:22 org.apache.catalina.startup.HostConfig deployDirectory
INFO: Deploying web application directory manager
03.05.2012 21:03:22 org.apache.catalina.startup.HostConfig deployDirectory
INFO: Deploying web application directory ROOT
03.05.2012 21:03:22 org.apache.coyote.AbstractProtocol start
INFO: Starting ProtocolHandler ["http-apr-8080"]
03.05.2012 21:03:23 org.apache.coyote.AbstractProtocol start
INFO: Starting ProtocolHandler ["ajp-apr-8009"]
03.05.2012 21:03:23 org.apache.catalina.startup.Catalina start
INFO: Server startup in 1873 ms
03.05.2012 21:07:39 org.apache.catalina.core.StandardServer await
INFO: A valid shutdown command was received via the shutdown port. Stopping the Server instance.
03.05.2012 21:07:39 org.apache.coyote.AbstractProtocol pause
INFO: Pausing ProtocolHandler ["http-apr-8080"]
03.05.2012 21:07:40 org.apache.coyote.AbstractProtocol pause
INFO: Pausing ProtocolHandler ["ajp-apr-8009"]
03.05.2012 21:07:41 org.apache.catalina.core.StandardService stopInternal
INFO: Stopping service Catalina
03.05.2012 21:07:41 org.apache.catalina.loader.WebappClassLoader checkThreadLocalMapForLeaks
SCHWERWIEGEND: The web application [/blazeds] created a ThreadLocal with key of type [java.lang.ThreadLocal] (value [java.lang.ThreadLocal@1c4a5ec]) and a value of type [flex.messaging.MessageBroker] (value [flex.messaging.MessageBroker@1694eca]) but failed to remove it when the web application was stopped. Threads are going to be renewed over time to try and avoid a probable memory leak. 
03.05.2012 21:07:41 org.apache.catalina.loader.WebappClassLoader checkThreadLocalMapForLeaks
SCHWERWIEGEND: The web application [/blazeds] created a ThreadLocal with key of type [java.lang.ThreadLocal] (value [java.lang.ThreadLocal@1c4a5ec]) and a value of type [flex.messaging.MessageBroker] (value [flex.messaging.MessageBroker@1694eca]) but failed to remove it when the web application was stopped. Threads are going to be renewed over time to try and avoid a probable memory leak. 
03.05.2012 21:07:41 org.apache.catalina.loader.WebappClassLoader checkThreadLocalMapForLeaks
SCHWERWIEGEND: The web application [/blazeds] created a ThreadLocal with key of type [java.lang.ThreadLocal] (value [java.lang.ThreadLocal@1c4a5ec]) and a value of type [flex.messaging.MessageBroker] (value [flex.messaging.MessageBroker@1694eca]) but failed to remove it when the web application was stopped. Threads are going to be renewed over time to try and avoid a probable memory leak. 
03.05.2012 21:07:41 org.apache.coyote.AbstractProtocol stop
INFO: Stopping ProtocolHandler ["http-apr-8080"]
03.05.2012 21:07:41 org.apache.coyote.AbstractProtocol stop
INFO: Stopping ProtocolHandler ["ajp-apr-8009"]
03.05.2012 21:07:41 org.apache.coyote.AbstractProtocol destroy
INFO: Destroying ProtocolHandler ["http-apr-8080"]
03.05.2012 21:07:41 org.apache.coyote.AbstractProtocol destroy
INFO: Destroying ProtocolHandler ["ajp-apr-8009"]
03.05.2012 21:07:43 org.apache.catalina.core.AprLifecycleListener init
INFO: Loaded APR based Apache Tomcat Native library 1.1.22.
03.05.2012 21:07:43 org.apache.catalina.core.AprLifecycleListener init
INFO: APR capabilities: IPv6 [false], sendfile [true], accept filters [false], random [true].
03.05.2012 21:07:45 org.apache.coyote.AbstractProtocol init
INFO: Initializing ProtocolHandler ["http-apr-8080"]
03.05.2012 21:07:45 org.apache.coyote.AbstractProtocol init
INFO: Initializing ProtocolHandler ["ajp-apr-8009"]
03.05.2012 21:07:45 org.apache.catalina.startup.Catalina load
INFO: Initialization processed in 2405 ms
03.05.2012 21:07:45 org.apache.catalina.core.StandardService startInternal
INFO: Starting service Catalina
03.05.2012 21:07:45 org.apache.catalina.core.StandardEngine startInternal
INFO: Starting Servlet Engine: Apache Tomcat/7.0.21
03.05.2012 21:07:45 org.apache.catalina.startup.HostConfig deployDirectory
INFO: Deploying web application directory blazeds
03.05.2012 21:07:47 org.apache.catalina.startup.HostConfig deployDirectory
INFO: Deploying web application directory docs
03.05.2012 21:07:47 org.apache.catalina.startup.HostConfig deployDirectory
INFO: Deploying web application directory examples
03.05.2012 21:07:47 org.apache.catalina.startup.HostConfig deployDirectory
INFO: Deploying web application directory host-manager
03.05.2012 21:07:47 org.apache.catalina.startup.HostConfig deployDirectory
INFO: Deploying web application directory manager
03.05.2012 21:07:47 org.apache.catalina.startup.HostConfig deployDirectory
INFO: Deploying web application directory ROOT
03.05.2012 21:07:47 org.apache.coyote.AbstractProtocol start
INFO: Starting ProtocolHandler ["http-apr-8080"]
03.05.2012 21:07:47 org.apache.coyote.AbstractProtocol start
INFO: Starting ProtocolHandler ["ajp-apr-8009"]
03.05.2012 21:07:47 org.apache.catalina.startup.Catalina start
INFO: Server startup in 2126 ms
03.05.2012 21:09:50 org.apache.catalina.core.StandardServer await
INFO: A valid shutdown command was received via the shutdown port. Stopping the Server instance.
03.05.2012 21:09:50 org.apache.coyote.AbstractProtocol pause
INFO: Pausing ProtocolHandler ["http-apr-8080"]
03.05.2012 21:09:51 org.apache.coyote.AbstractProtocol pause
INFO: Pausing ProtocolHandler ["ajp-apr-8009"]
03.05.2012 21:09:52 org.apache.catalina.core.StandardService stopInternal
INFO: Stopping service Catalina
03.05.2012 21:09:52 org.apache.coyote.AbstractProtocol stop
INFO: Stopping ProtocolHandler ["http-apr-8080"]
03.05.2012 21:09:52 org.apache.coyote.AbstractProtocol stop
INFO: Stopping ProtocolHandler ["ajp-apr-8009"]
03.05.2012 21:09:52 org.apache.coyote.AbstractProtocol destroy
INFO: Destroying ProtocolHandler ["http-apr-8080"]
03.05.2012 21:09:52 org.apache.coyote.AbstractProtocol destroy
INFO: Destroying ProtocolHandler ["ajp-apr-8009"]
03.05.2012 21:09:55 org.apache.catalina.core.AprLifecycleListener init
INFO: Loaded APR based Apache Tomcat Native library 1.1.22.
03.05.2012 21:09:55 org.apache.catalina.core.AprLifecycleListener init
INFO: APR capabilities: IPv6 [false], sendfile [true], accept filters [false], random [true].
03.05.2012 21:09:56 org.apache.coyote.AbstractProtocol init
INFO: Initializing ProtocolHandler ["http-apr-8080"]
03.05.2012 21:09:56 org.apache.coyote.AbstractProtocol init
INFO: Initializing ProtocolHandler ["ajp-apr-8009"]
03.05.2012 21:09:56 org.apache.catalina.startup.Catalina load
INFO: Initialization processed in 1310 ms
03.05.2012 21:09:56 org.apache.catalina.core.StandardService startInternal
INFO: Starting service Catalina
03.05.2012 21:09:56 org.apache.catalina.core.StandardEngine startInternal
INFO: Starting Servlet Engine: Apache Tomcat/7.0.21
03.05.2012 21:09:56 org.apache.catalina.startup.HostConfig deployDirectory
INFO: Deploying web application directory blazeds
03.05.2012 21:09:58 org.apache.catalina.startup.HostConfig deployDirectory
INFO: Deploying web application directory docs
03.05.2012 21:09:58 org.apache.catalina.startup.HostConfig deployDirectory
INFO: Deploying web application directory examples
03.05.2012 21:09:58 org.apache.catalina.startup.HostConfig deployDirectory
INFO: Deploying web application directory host-manager
03.05.2012 21:09:58 org.apache.catalina.startup.HostConfig deployDirectory
INFO: Deploying web application directory manager
03.05.2012 21:09:58 org.apache.catalina.startup.HostConfig deployDirectory
INFO: Deploying web application directory ROOT
03.05.2012 21:09:58 org.apache.coyote.AbstractProtocol start
INFO: Starting ProtocolHandler ["http-apr-8080"]
03.05.2012 21:09:58 org.apache.coyote.AbstractProtocol start
INFO: Starting ProtocolHandler ["ajp-apr-8009"]
03.05.2012 21:09:58 org.apache.catalina.startup.Catalina start
INFO: Server startup in 1897 ms
03.05.2012 21:11:14 org.apache.catalina.core.StandardServer await
INFO: A valid shutdown command was received via the shutdown port. Stopping the Server instance.
03.05.2012 21:11:14 org.apache.coyote.AbstractProtocol pause
INFO: Pausing ProtocolHandler ["http-apr-8080"]
03.05.2012 21:11:15 org.apache.coyote.AbstractProtocol pause
INFO: Pausing ProtocolHandler ["ajp-apr-8009"]
03.05.2012 21:11:16 org.apache.catalina.core.StandardService stopInternal
INFO: Stopping service Catalina
03.05.2012 21:11:16 org.apache.catalina.loader.WebappClassLoader checkThreadLocalMapForLeaks
SCHWERWIEGEND: The web application [/blazeds] created a ThreadLocal with key of type [java.lang.ThreadLocal] (value [java.lang.ThreadLocal@18e80a6]) and a value of type [flex.messaging.MessageBroker] (value [flex.messaging.MessageBroker@a030d6]) but failed to remove it when the web application was stopped. Threads are going to be renewed over time to try and avoid a probable memory leak. 
03.05.2012 21:11:16 org.apache.catalina.loader.WebappClassLoader checkThreadLocalMapForLeaks
SCHWERWIEGEND: The web application [/blazeds] created a ThreadLocal with key of type [java.lang.ThreadLocal] (value [java.lang.ThreadLocal@18e80a6]) and a value of type [flex.messaging.MessageBroker] (value [flex.messaging.MessageBroker@a030d6]) but failed to remove it when the web application was stopped. Threads are going to be renewed over time to try and avoid a probable memory leak. 
03.05.2012 21:11:16 org.apache.coyote.AbstractProtocol stop
INFO: Stopping ProtocolHandler ["http-apr-8080"]
03.05.2012 21:11:16 org.apache.coyote.AbstractProtocol stop
INFO: Stopping ProtocolHandler ["ajp-apr-8009"]
03.05.2012 21:11:16 org.apache.coyote.AbstractProtocol destroy
INFO: Destroying ProtocolHandler ["http-apr-8080"]
03.05.2012 21:11:16 org.apache.coyote.AbstractProtocol destroy
INFO: Destroying ProtocolHandler ["ajp-apr-8009"]
03.05.2012 21:11:16 org.apache.catalina.core.AprLifecycleListener init
INFO: Loaded APR based Apache Tomcat Native library 1.1.22.
03.05.2012 21:11:16 org.apache.catalina.core.AprLifecycleListener init
INFO: APR capabilities: IPv6 [false], sendfile [true], accept filters [false], random [true].
03.05.2012 21:11:18 org.apache.coyote.AbstractProtocol init
INFO: Initializing ProtocolHandler ["http-apr-8080"]
03.05.2012 21:11:18 org.apache.coyote.AbstractProtocol init
INFO: Initializing ProtocolHandler ["ajp-apr-8009"]
03.05.2012 21:11:18 org.apache.catalina.startup.Catalina load
INFO: Initialization processed in 1503 ms
03.05.2012 21:11:18 org.apache.catalina.core.StandardService startInternal
INFO: Starting service Catalina
03.05.2012 21:11:18 org.apache.catalina.core.StandardEngine startInternal
INFO: Starting Servlet Engine: Apache Tomcat/7.0.21
03.05.2012 21:11:18 org.apache.catalina.startup.HostConfig deployDirectory
INFO: Deploying web application directory blazeds
03.05.2012 21:11:19 org.apache.catalina.startup.HostConfig deployDirectory
INFO: Deploying web application directory docs
03.05.2012 21:11:19 org.apache.catalina.startup.HostConfig deployDirectory
INFO: Deploying web application directory examples
03.05.2012 21:11:19 org.apache.catalina.startup.HostConfig deployDirectory
INFO: Deploying web application directory host-manager
03.05.2012 21:11:19 org.apache.catalina.startup.HostConfig deployDirectory
INFO: Deploying web application directory manager
03.05.2012 21:11:19 org.apache.catalina.startup.HostConfig deployDirectory
INFO: Deploying web application directory ROOT
03.05.2012 21:11:20 org.apache.coyote.AbstractProtocol start
INFO: Starting ProtocolHandler ["http-apr-8080"]
03.05.2012 21:11:20 org.apache.coyote.AbstractProtocol start
INFO: Starting ProtocolHandler ["ajp-apr-8009"]
03.05.2012 21:11:20 org.apache.catalina.startup.Catalina start
INFO: Server startup in 1885 ms
03.05.2012 21:22:07 org.apache.catalina.core.StandardServer await
INFO: A valid shutdown command was received via the shutdown port. Stopping the Server instance.
03.05.2012 21:22:07 org.apache.coyote.AbstractProtocol pause
INFO: Pausing ProtocolHandler ["http-apr-8080"]
03.05.2012 21:22:08 org.apache.coyote.AbstractProtocol pause
INFO: Pausing ProtocolHandler ["ajp-apr-8009"]
03.05.2012 21:22:09 org.apache.catalina.core.StandardService stopInternal
INFO: Stopping service Catalina
03.05.2012 21:22:10 org.apache.catalina.loader.WebappClassLoader checkThreadLocalMapForLeaks
SCHWERWIEGEND: The web application [/blazeds] created a ThreadLocal with key of type [java.lang.ThreadLocal] (value [java.lang.ThreadLocal@10952e8]) and a value of type [flex.messaging.MessageBroker] (value [flex.messaging.MessageBroker@1220b36]) but failed to remove it when the web application was stopped. Threads are going to be renewed over time to try and avoid a probable memory leak. 
03.05.2012 21:22:10 org.apache.catalina.loader.WebappClassLoader checkThreadLocalMapForLeaks
SCHWERWIEGEND: The web application [/blazeds] created a ThreadLocal with key of type [java.lang.ThreadLocal] (value [java.lang.ThreadLocal@10952e8]) and a value of type [flex.messaging.MessageBroker] (value [flex.messaging.MessageBroker@1220b36]) but failed to remove it when the web application was stopped. Threads are going to be renewed over time to try and avoid a probable memory leak. 
03.05.2012 21:22:10 org.apache.coyote.AbstractProtocol stop
INFO: Stopping ProtocolHandler ["http-apr-8080"]
03.05.2012 21:22:10 org.apache.coyote.AbstractProtocol stop
INFO: Stopping ProtocolHandler ["ajp-apr-8009"]
03.05.2012 21:22:10 org.apache.coyote.AbstractProtocol destroy
INFO: Destroying ProtocolHandler ["http-apr-8080"]
03.05.2012 21:22:10 org.apache.coyote.AbstractProtocol destroy
INFO: Destroying ProtocolHandler ["ajp-apr-8009"]
03.05.2012 21:22:11 org.apache.catalina.core.AprLifecycleListener init
INFO: Loaded APR based Apache Tomcat Native library 1.1.22.
03.05.2012 21:22:11 org.apache.catalina.core.AprLifecycleListener init
INFO: APR capabilities: IPv6 [false], sendfile [true], accept filters [false], random [true].
03.05.2012 21:22:13 org.apache.coyote.AbstractProtocol init
INFO: Initializing ProtocolHandler ["http-apr-8080"]
03.05.2012 21:22:13 org.apache.coyote.AbstractProtocol init
INFO: Initializing ProtocolHandler ["ajp-apr-8009"]
03.05.2012 21:22:13 org.apache.catalina.startup.Catalina load
INFO: Initialization processed in 2706 ms
03.05.2012 21:22:13 org.apache.catalina.core.StandardService startInternal
INFO: Starting service Catalina
03.05.2012 21:22:13 org.apache.catalina.core.StandardEngine startInternal
INFO: Starting Servlet Engine: Apache Tomcat/7.0.21
03.05.2012 21:22:13 org.apache.catalina.startup.HostConfig deployDirectory
INFO: Deploying web application directory blazeds
03.05.2012 21:22:14 org.apache.catalina.util.SessionIdGenerator createSecureRandom
INFO: Creation of SecureRandom instance for session ID generation using [SHA1PRNG] took [102] milliseconds.
03.05.2012 21:22:15 org.apache.catalina.startup.HostConfig deployDirectory
INFO: Deploying web application directory docs
03.05.2012 21:22:15 org.apache.catalina.startup.HostConfig deployDirectory
INFO: Deploying web application directory examples
03.05.2012 21:22:15 org.apache.catalina.startup.HostConfig deployDirectory
INFO: Deploying web application directory host-manager
03.05.2012 21:22:16 org.apache.catalina.startup.HostConfig deployDirectory
INFO: Deploying web application directory manager
03.05.2012 21:22:16 org.apache.catalina.startup.HostConfig deployDirectory
INFO: Deploying web application directory ROOT
03.05.2012 21:22:16 org.apache.coyote.AbstractProtocol start
INFO: Starting ProtocolHandler ["http-apr-8080"]
03.05.2012 21:22:16 org.apache.coyote.AbstractProtocol start
INFO: Starting ProtocolHandler ["ajp-apr-8009"]
03.05.2012 21:22:16 org.apache.catalina.startup.Catalina start
INFO: Server startup in 2783 ms
