09.05.2012 10:33:31 org.apache.catalina.core.AprLifecycleListener init
INFO: Loaded APR based Apache Tomcat Native library 1.1.22.
09.05.2012 10:33:31 org.apache.catalina.core.AprLifecycleListener init
INFO: APR capabilities: IPv6 [false], sendfile [true], accept filters [false], random [true].
09.05.2012 10:33:33 org.apache.coyote.AbstractProtocol init
INFO: Initializing ProtocolHandler ["http-apr-8080"]
09.05.2012 10:33:33 org.apache.coyote.AbstractProtocol init
INFO: Initializing ProtocolHandler ["ajp-apr-8009"]
09.05.2012 10:33:33 org.apache.catalina.startup.Catalina load
INFO: Initialization processed in 1755 ms
09.05.2012 10:33:33 org.apache.catalina.core.StandardService startInternal
INFO: Starting service Catalina
09.05.2012 10:33:33 org.apache.catalina.core.StandardEngine startInternal
INFO: Starting Servlet Engine: Apache Tomcat/7.0.21
09.05.2012 10:33:33 org.apache.catalina.startup.HostConfig deployDirectory
INFO: Deploying web application directory blazeds
09.05.2012 10:33:34 org.apache.catalina.startup.HostConfig deployDirectory
INFO: Deploying web application directory docs
09.05.2012 10:33:35 org.apache.catalina.startup.HostConfig deployDirectory
INFO: Deploying web application directory examples
09.05.2012 10:33:35 org.apache.catalina.startup.HostConfig deployDirectory
INFO: Deploying web application directory host-manager
09.05.2012 10:33:35 org.apache.catalina.startup.HostConfig deployDirectory
INFO: Deploying web application directory manager
09.05.2012 10:33:35 org.apache.catalina.startup.HostConfig deployDirectory
INFO: Deploying web application directory ROOT
09.05.2012 10:33:35 org.apache.coyote.AbstractProtocol start
INFO: Starting ProtocolHandler ["http-apr-8080"]
09.05.2012 10:33:35 org.apache.coyote.AbstractProtocol start
INFO: Starting ProtocolHandler ["ajp-apr-8009"]
09.05.2012 10:33:35 org.apache.catalina.startup.Catalina start
INFO: Server startup in 2168 ms
