06.06.2012 11:21:33 org.apache.catalina.startup.Catalina initDirs
SCHWERWIEGEND: Cannot find specified temporary folder at D:\Studium\MME_II\Project\Tomcat_BlazeDS\tomcat\temp
06.06.2012 11:21:34 org.apache.catalina.core.AprLifecycleListener init
INFO: Loaded APR based Apache Tomcat Native library 1.1.22.
06.06.2012 11:21:34 org.apache.catalina.core.AprLifecycleListener init
INFO: APR capabilities: IPv6 [false], sendfile [true], accept filters [false], random [true].
06.06.2012 11:21:35 org.apache.coyote.AbstractProtocol init
INFO: Initializing ProtocolHandler ["http-apr-8080"]
06.06.2012 11:21:35 org.apache.coyote.AbstractProtocol init
INFO: Initializing ProtocolHandler ["ajp-apr-8009"]
06.06.2012 11:21:35 org.apache.catalina.startup.Catalina load
INFO: Initialization processed in 2003 ms
06.06.2012 11:21:35 org.apache.catalina.core.StandardService startInternal
INFO: Starting service Catalina
06.06.2012 11:21:35 org.apache.catalina.core.StandardEngine startInternal
INFO: Starting Servlet Engine: Apache Tomcat/7.0.21
06.06.2012 11:21:35 org.apache.catalina.startup.HostConfig deployDirectory
INFO: Deploying web application directory blazeds
06.06.2012 11:21:38 org.apache.catalina.startup.HostConfig deployDirectory
INFO: Deploying web application directory docs
06.06.2012 11:21:38 org.apache.catalina.startup.HostConfig deployDirectory
INFO: Deploying web application directory examples
06.06.2012 11:21:39 org.apache.catalina.startup.HostConfig deployDirectory
INFO: Deploying web application directory host-manager
06.06.2012 11:21:39 org.apache.catalina.startup.HostConfig deployDirectory
INFO: Deploying web application directory manager
06.06.2012 11:21:39 org.apache.catalina.startup.HostConfig deployDirectory
INFO: Deploying web application directory ROOT
06.06.2012 11:21:40 org.apache.coyote.AbstractProtocol start
INFO: Starting ProtocolHandler ["http-apr-8080"]
06.06.2012 11:21:40 org.apache.coyote.AbstractProtocol start
INFO: Starting ProtocolHandler ["ajp-apr-8009"]
06.06.2012 11:21:40 org.apache.catalina.startup.Catalina start
INFO: Server startup in 4341 ms
06.06.2012 11:35:55 org.apache.catalina.startup.Catalina initDirs
SCHWERWIEGEND: Cannot find specified temporary folder at D:\Studium\MME_II\Project\Tomcat_BlazeDS\tomcat\temp
06.06.2012 11:35:56 org.apache.catalina.core.AprLifecycleListener init
INFO: Loaded APR based Apache Tomcat Native library 1.1.22.
06.06.2012 11:35:56 org.apache.catalina.core.AprLifecycleListener init
INFO: APR capabilities: IPv6 [false], sendfile [true], accept filters [false], random [true].
06.06.2012 11:35:57 org.apache.coyote.AbstractProtocol init
INFO: Initializing ProtocolHandler ["http-apr-8080"]
06.06.2012 11:35:57 org.apache.coyote.AbstractProtocol init
INFO: Initializing ProtocolHandler ["ajp-apr-8009"]
06.06.2012 11:35:57 org.apache.catalina.startup.Catalina load
INFO: Initialization processed in 1585 ms
06.06.2012 11:35:57 org.apache.catalina.core.StandardService startInternal
INFO: Starting service Catalina
06.06.2012 11:35:57 org.apache.catalina.core.StandardEngine startInternal
INFO: Starting Servlet Engine: Apache Tomcat/7.0.21
06.06.2012 11:35:57 org.apache.catalina.startup.HostConfig deployDirectory
INFO: Deploying web application directory blazeds
06.06.2012 11:35:59 org.apache.catalina.startup.HostConfig deployDirectory
INFO: Deploying web application directory docs
06.06.2012 11:35:59 org.apache.catalina.startup.HostConfig deployDirectory
INFO: Deploying web application directory examples
06.06.2012 11:35:59 org.apache.catalina.startup.HostConfig deployDirectory
INFO: Deploying web application directory host-manager
06.06.2012 11:35:59 org.apache.catalina.startup.HostConfig deployDirectory
INFO: Deploying web application directory manager
06.06.2012 11:35:59 org.apache.catalina.startup.HostConfig deployDirectory
INFO: Deploying web application directory ROOT
06.06.2012 11:35:59 org.apache.coyote.AbstractProtocol start
INFO: Starting ProtocolHandler ["http-apr-8080"]
06.06.2012 11:35:59 org.apache.coyote.AbstractProtocol start
INFO: Starting ProtocolHandler ["ajp-apr-8009"]
06.06.2012 11:35:59 org.apache.catalina.startup.Catalina start
INFO: Server startup in 1963 ms
