08.05.2012 17:51:29 org.apache.catalina.core.AprLifecycleListener init
INFO: Loaded APR based Apache Tomcat Native library 1.1.22.
08.05.2012 17:51:29 org.apache.catalina.core.AprLifecycleListener init
INFO: APR capabilities: IPv6 [false], sendfile [true], accept filters [false], random [true].
08.05.2012 17:51:32 org.apache.coyote.AbstractProtocol init
INFO: Initializing ProtocolHandler ["http-apr-8080"]
08.05.2012 17:51:32 org.apache.coyote.AbstractProtocol init
INFO: Initializing ProtocolHandler ["ajp-apr-8009"]
08.05.2012 17:51:32 org.apache.catalina.startup.Catalina load
INFO: Initialization processed in 4289 ms
08.05.2012 17:51:33 org.apache.catalina.core.StandardService startInternal
INFO: Starting service Catalina
08.05.2012 17:51:33 org.apache.catalina.core.StandardEngine startInternal
INFO: Starting Servlet Engine: Apache Tomcat/7.0.21
08.05.2012 17:51:33 org.apache.catalina.startup.HostConfig deployDirectory
INFO: Deploying web application directory blazeds
08.05.2012 17:51:34 org.apache.catalina.util.SessionIdGenerator createSecureRandom
INFO: Creation of SecureRandom instance for session ID generation using [SHA1PRNG] took [172] milliseconds.
08.05.2012 17:51:35 org.apache.catalina.startup.HostConfig deployDirectory
INFO: Deploying web application directory docs
08.05.2012 17:51:35 org.apache.catalina.startup.HostConfig deployDirectory
INFO: Deploying web application directory examples
08.05.2012 17:51:35 org.apache.catalina.startup.HostConfig deployDirectory
INFO: Deploying web application directory host-manager
08.05.2012 17:51:35 org.apache.catalina.startup.HostConfig deployDirectory
INFO: Deploying web application directory manager
08.05.2012 17:51:36 org.apache.catalina.startup.HostConfig deployDirectory
INFO: Deploying web application directory ROOT
08.05.2012 17:51:36 org.apache.coyote.AbstractProtocol start
INFO: Starting ProtocolHandler ["http-apr-8080"]
08.05.2012 17:51:36 org.apache.coyote.AbstractProtocol start
INFO: Starting ProtocolHandler ["ajp-apr-8009"]
08.05.2012 17:51:36 org.apache.catalina.startup.Catalina start
INFO: Server startup in 3349 ms
08.05.2012 17:55:54 org.apache.catalina.core.StandardServer await
WARNUNG: StandardServer.await: read: 
java.net.SocketException: Software caused connection abort: recv failed
	at java.net.SocketInputStream.socketRead0(Native Method)
	at java.net.SocketInputStream.read(SocketInputStream.java:129)
	at java.net.SocketInputStream.read(SocketInputStream.java:182)
	at org.apache.catalina.core.StandardServer.await(StandardServer.java:473)
	at org.apache.catalina.startup.Catalina.await(Catalina.java:709)
	at org.apache.catalina.startup.Catalina.start(Catalina.java:654)
	at sun.reflect.NativeMethodAccessorImpl.invoke0(Native Method)
	at sun.reflect.NativeMethodAccessorImpl.invoke(NativeMethodAccessorImpl.java:39)
	at sun.reflect.DelegatingMethodAccessorImpl.invoke(DelegatingMethodAccessorImpl.java:25)
	at java.lang.reflect.Method.invoke(Method.java:597)
	at org.apache.catalina.startup.Bootstrap.start(Bootstrap.java:322)
	at org.apache.catalina.startup.Bootstrap.main(Bootstrap.java:450)
08.05.2012 17:55:54 org.apache.catalina.core.StandardServer await
WARNUNG: StandardServer.await: Invalid command '' received
