09.05.2012 10:10:03 org.apache.catalina.core.StandardContext loadOnStartup
SCHWERWIEGEND: Servlet /blazeds threw load() exception
flex.messaging.MessageException: Cannot create class of type 'de.bht.consilio.service.UserAccountService'. Type 'de.bht.consilio.service.UserAccountService' not found.
	at flex.messaging.util.ClassUtil.createClass(ClassUtil.java:70)
	at flex.messaging.factories.JavaFactoryInstance.getInstanceClass(JavaFactoryInstance.java:123)
	at flex.messaging.factories.JavaFactoryInstance.createInstance(JavaFactoryInstance.java:99)
	at flex.messaging.factories.JavaFactory.createFactoryInstance(JavaFactory.java:117)
	at flex.messaging.FactoryDestination.createFactoryInstance(FactoryDestination.java:255)
	at flex.messaging.FactoryDestination.getFactoryInstance(FactoryDestination.java:238)
	at flex.messaging.FactoryDestination.getFactoryInstance(FactoryDestination.java:226)
	at flex.messaging.services.remoting.adapters.JavaAdapter.validateInstanceSettings(JavaAdapter.java:546)
	at flex.messaging.services.remoting.adapters.JavaAdapter.start(JavaAdapter.java:357)
	at flex.messaging.Destination.start(Destination.java:278)
	at flex.messaging.services.AbstractService.startDestinations(AbstractService.java:734)
	at flex.messaging.services.AbstractService.start(AbstractService.java:175)
	at flex.messaging.MessageBroker.startServices(MessageBroker.java:2131)
	at flex.messaging.MessageBroker.start(MessageBroker.java:325)
	at flex.messaging.MessageBrokerServlet.init(MessageBrokerServlet.java:149)
	at org.apache.catalina.core.StandardWrapper.initServlet(StandardWrapper.java:1228)
	at org.apache.catalina.core.StandardWrapper.loadServlet(StandardWrapper.java:1147)
	at org.apache.catalina.core.StandardWrapper.load(StandardWrapper.java:1043)
	at org.apache.catalina.core.StandardContext.loadOnStartup(StandardContext.java:4957)
	at org.apache.catalina.core.StandardContext$3.call(StandardContext.java:5284)
	at org.apache.catalina.core.StandardContext$3.call(StandardContext.java:5279)
	at java.util.concurrent.FutureTask$Sync.innerRun(Unknown Source)
	at java.util.concurrent.FutureTask.run(Unknown Source)
	at java.util.concurrent.ThreadPoolExecutor$Worker.runTask(Unknown Source)
	at java.util.concurrent.ThreadPoolExecutor$Worker.run(Unknown Source)
	at java.lang.Thread.run(Unknown Source)
09.05.2012 10:10:03 org.apache.catalina.core.StandardContext loadOnStartup
SCHWERWIEGEND: Servlet /blazeds threw load() exception
javax.servlet.ServletException: Unable to find MessageBroker, ensure that if messageBrokerId is set for the MessageBrokerServlet the RDS FrontEndServlet has a matching init-param value
	at flex.rds.server.RdsServlet.init(RdsServlet.java:64)
	at flex.rds.server.servlet.FrontEndServlet.loadServlet(FrontEndServlet.java:262)
	at flex.rds.server.servlet.FrontEndServlet.init(FrontEndServlet.java:127)
	at javax.servlet.GenericServlet.init(GenericServlet.java:160)
	at org.apache.catalina.core.StandardWrapper.initServlet(StandardWrapper.java:1228)
	at org.apache.catalina.core.StandardWrapper.loadServlet(StandardWrapper.java:1147)
	at org.apache.catalina.core.StandardWrapper.load(StandardWrapper.java:1043)
	at org.apache.catalina.core.StandardContext.loadOnStartup(StandardContext.java:4957)
	at org.apache.catalina.core.StandardContext$3.call(StandardContext.java:5284)
	at org.apache.catalina.core.StandardContext$3.call(StandardContext.java:5279)
	at java.util.concurrent.FutureTask$Sync.innerRun(Unknown Source)
	at java.util.concurrent.FutureTask.run(Unknown Source)
	at java.util.concurrent.ThreadPoolExecutor$Worker.runTask(Unknown Source)
	at java.util.concurrent.ThreadPoolExecutor$Worker.run(Unknown Source)
	at java.lang.Thread.run(Unknown Source)
09.05.2012 10:10:03 org.apache.catalina.core.ApplicationContext log
INFO: ContextListener: contextInitialized()
09.05.2012 10:10:03 org.apache.catalina.core.ApplicationContext log
INFO: SessionListener: contextInitialized()
09.05.2012 10:10:03 org.apache.catalina.core.ApplicationContext log
INFO: ContextListener: attributeAdded('org.apache.jasper.compiler.TldLocationsCache', 'org.apache.jasper.compiler.TldLocationsCache@1f1bd98')
