05.05.2012 10:59:11 org.apache.catalina.core.StandardContext loadOnStartup
SCHWERWIEGEND: Servlet /blazeds threw load() exception
org.xml.sax.SAXParseException: The element type "services-config" must be terminated by the matching end-tag "</services-config>".
	at com.sun.org.apache.xerces.internal.parsers.DOMParser.parse(DOMParser.java:249)
	at com.sun.org.apache.xerces.internal.jaxp.DocumentBuilderImpl.parse(DocumentBuilderImpl.java:284)
	at javax.xml.parsers.DocumentBuilder.parse(DocumentBuilder.java:124)
	at flex.messaging.config.AbstractConfigurationParser.loadDocument(AbstractConfigurationParser.java:117)
	at flex.messaging.config.AbstractConfigurationParser.parse(AbstractConfigurationParser.java:67)
	at flex.messaging.config.FlexConfigurationManager.getMessagingConfiguration(FlexConfigurationManager.java:79)
	at flex.messaging.MessageBrokerServlet.init(MessageBrokerServlet.java:109)
	at org.apache.catalina.core.StandardWrapper.initServlet(StandardWrapper.java:1228)
	at org.apache.catalina.core.StandardWrapper.loadServlet(StandardWrapper.java:1147)
	at org.apache.catalina.core.StandardWrapper.load(StandardWrapper.java:1043)
	at org.apache.catalina.core.StandardContext.loadOnStartup(StandardContext.java:4957)
	at org.apache.catalina.core.StandardContext$3.call(StandardContext.java:5284)
	at org.apache.catalina.core.StandardContext$3.call(StandardContext.java:5279)
	at java.util.concurrent.FutureTask$Sync.innerRun(FutureTask.java:303)
	at java.util.concurrent.FutureTask.run(FutureTask.java:138)
	at java.util.concurrent.ThreadPoolExecutor$Worker.runTask(ThreadPoolExecutor.java:886)
	at java.util.concurrent.ThreadPoolExecutor$Worker.run(ThreadPoolExecutor.java:908)
	at java.lang.Thread.run(Thread.java:662)
05.05.2012 10:59:11 org.apache.catalina.core.StandardContext loadOnStartup
SCHWERWIEGEND: Servlet /blazeds threw load() exception
javax.servlet.ServletException: Unable to find MessageBroker, ensure that if messageBrokerId is set for the MessageBrokerServlet the RDS FrontEndServlet has a matching init-param value
	at flex.rds.server.RdsServlet.init(RdsServlet.java:64)
	at flex.rds.server.servlet.FrontEndServlet.loadServlet(FrontEndServlet.java:262)
	at flex.rds.server.servlet.FrontEndServlet.init(FrontEndServlet.java:127)
	at javax.servlet.GenericServlet.init(GenericServlet.java:160)
	at org.apache.catalina.core.StandardWrapper.initServlet(StandardWrapper.java:1228)
	at org.apache.catalina.core.StandardWrapper.loadServlet(StandardWrapper.java:1147)
	at org.apache.catalina.core.StandardWrapper.load(StandardWrapper.java:1043)
	at org.apache.catalina.core.StandardContext.loadOnStartup(StandardContext.java:4957)
	at org.apache.catalina.core.StandardContext$3.call(StandardContext.java:5284)
	at org.apache.catalina.core.StandardContext$3.call(StandardContext.java:5279)
	at java.util.concurrent.FutureTask$Sync.innerRun(FutureTask.java:303)
	at java.util.concurrent.FutureTask.run(FutureTask.java:138)
	at java.util.concurrent.ThreadPoolExecutor$Worker.runTask(ThreadPoolExecutor.java:886)
	at java.util.concurrent.ThreadPoolExecutor$Worker.run(ThreadPoolExecutor.java:908)
	at java.lang.Thread.run(Thread.java:662)
05.05.2012 10:59:12 org.apache.catalina.core.ApplicationContext log
INFO: ContextListener: contextInitialized()
05.05.2012 10:59:12 org.apache.catalina.core.ApplicationContext log
INFO: SessionListener: contextInitialized()
05.05.2012 10:59:12 org.apache.catalina.core.ApplicationContext log
INFO: ContextListener: attributeAdded('org.apache.jasper.compiler.TldLocationsCache', 'org.apache.jasper.compiler.TldLocationsCache@18b8914')
05.05.2012 11:03:33 org.apache.catalina.core.ApplicationContext log
INFO: ContextListener: contextInitialized()
05.05.2012 11:03:33 org.apache.catalina.core.ApplicationContext log
INFO: SessionListener: contextInitialized()
05.05.2012 11:03:33 org.apache.catalina.core.ApplicationContext log
INFO: ContextListener: attributeAdded('org.apache.jasper.compiler.TldLocationsCache', 'org.apache.jasper.compiler.TldLocationsCache@14275d4')
05.05.2012 11:03:33 org.apache.catalina.core.ApplicationContext log
INFO: SessionListener: contextDestroyed()
05.05.2012 11:03:33 org.apache.catalina.core.ApplicationContext log
INFO: ContextListener: contextDestroyed()
05.05.2012 11:08:11 org.apache.catalina.core.ApplicationContext log
INFO: ContextListener: contextInitialized()
05.05.2012 11:08:11 org.apache.catalina.core.ApplicationContext log
INFO: SessionListener: contextInitialized()
05.05.2012 11:08:11 org.apache.catalina.core.ApplicationContext log
INFO: ContextListener: attributeAdded('org.apache.jasper.compiler.TldLocationsCache', 'org.apache.jasper.compiler.TldLocationsCache@1e6e305')
05.05.2012 11:08:12 org.apache.catalina.core.ApplicationContext log
INFO: SessionListener: contextDestroyed()
05.05.2012 11:08:12 org.apache.catalina.core.ApplicationContext log
INFO: ContextListener: contextDestroyed()
05.05.2012 16:45:38 org.apache.catalina.core.ApplicationContext log
INFO: ContextListener: contextInitialized()
05.05.2012 16:45:38 org.apache.catalina.core.ApplicationContext log
INFO: SessionListener: contextInitialized()
05.05.2012 16:45:38 org.apache.catalina.core.ApplicationContext log
INFO: ContextListener: attributeAdded('org.apache.jasper.compiler.TldLocationsCache', 'org.apache.jasper.compiler.TldLocationsCache@26f9e5')
