04.05.2012 16:58:04 org.apache.catalina.core.ApplicationContext log
INFO: ContextListener: contextInitialized()
04.05.2012 16:58:04 org.apache.catalina.core.ApplicationContext log
INFO: SessionListener: contextInitialized()
04.05.2012 16:58:04 org.apache.catalina.core.ApplicationContext log
INFO: ContextListener: attributeAdded('org.apache.jasper.compiler.TldLocationsCache', 'org.apache.jasper.compiler.TldLocationsCache@2f356f')
04.05.2012 17:55:54 org.apache.catalina.core.ApplicationContext log
INFO: ContextListener: contextInitialized()
04.05.2012 17:55:54 org.apache.catalina.core.ApplicationContext log
INFO: SessionListener: contextInitialized()
04.05.2012 17:55:54 org.apache.catalina.core.ApplicationContext log
INFO: ContextListener: attributeAdded('org.apache.jasper.compiler.TldLocationsCache', 'org.apache.jasper.compiler.TldLocationsCache@1aa2c23')
04.05.2012 17:55:54 org.apache.catalina.core.ApplicationContext log
INFO: SessionListener: contextDestroyed()
04.05.2012 17:55:54 org.apache.catalina.core.ApplicationContext log
INFO: ContextListener: contextDestroyed()
04.05.2012 18:24:27 org.apache.catalina.core.ApplicationContext log
INFO: ContextListener: contextInitialized()
04.05.2012 18:24:27 org.apache.catalina.core.ApplicationContext log
INFO: SessionListener: contextInitialized()
04.05.2012 18:24:27 org.apache.catalina.core.ApplicationContext log
INFO: ContextListener: attributeAdded('org.apache.jasper.compiler.TldLocationsCache', 'org.apache.jasper.compiler.TldLocationsCache@10dc656')
04.05.2012 18:30:15 org.apache.catalina.core.ApplicationContext log
INFO: ContextListener: contextInitialized()
04.05.2012 18:30:15 org.apache.catalina.core.ApplicationContext log
INFO: SessionListener: contextInitialized()
04.05.2012 18:30:15 org.apache.catalina.core.ApplicationContext log
INFO: ContextListener: attributeAdded('org.apache.jasper.compiler.TldLocationsCache', 'org.apache.jasper.compiler.TldLocationsCache@118223d')
04.05.2012 18:30:15 org.apache.catalina.core.ApplicationContext log
INFO: SessionListener: contextDestroyed()
04.05.2012 18:30:15 org.apache.catalina.core.ApplicationContext log
INFO: ContextListener: contextDestroyed()
04.05.2012 18:32:09 org.apache.catalina.core.ApplicationContext log
INFO: ContextListener: contextInitialized()
04.05.2012 18:32:09 org.apache.catalina.core.ApplicationContext log
INFO: SessionListener: contextInitialized()
04.05.2012 18:32:09 org.apache.catalina.core.ApplicationContext log
INFO: ContextListener: attributeAdded('org.apache.jasper.compiler.TldLocationsCache', 'org.apache.jasper.compiler.TldLocationsCache@118223d')
04.05.2012 18:32:10 org.apache.catalina.core.ApplicationContext log
INFO: SessionListener: contextDestroyed()
04.05.2012 18:32:10 org.apache.catalina.core.ApplicationContext log
INFO: ContextListener: contextDestroyed()
04.05.2012 18:39:06 org.apache.catalina.core.ApplicationContext log
INFO: ContextListener: contextInitialized()
04.05.2012 18:39:06 org.apache.catalina.core.ApplicationContext log
INFO: SessionListener: contextInitialized()
04.05.2012 18:39:06 org.apache.catalina.core.ApplicationContext log
INFO: ContextListener: attributeAdded('org.apache.jasper.compiler.TldLocationsCache', 'org.apache.jasper.compiler.TldLocationsCache@45e228')
04.05.2012 18:39:06 org.apache.catalina.core.ApplicationContext log
INFO: SessionListener: contextDestroyed()
04.05.2012 18:39:06 org.apache.catalina.core.ApplicationContext log
INFO: ContextListener: contextDestroyed()
04.05.2012 18:57:12 org.apache.catalina.core.ApplicationContext log
INFO: ContextListener: contextInitialized()
04.05.2012 18:57:12 org.apache.catalina.core.ApplicationContext log
INFO: SessionListener: contextInitialized()
04.05.2012 18:57:12 org.apache.catalina.core.ApplicationContext log
INFO: ContextListener: attributeAdded('org.apache.jasper.compiler.TldLocationsCache', 'org.apache.jasper.compiler.TldLocationsCache@2b249')
04.05.2012 18:57:13 org.apache.catalina.core.ApplicationContext log
INFO: SessionListener: contextDestroyed()
04.05.2012 18:57:13 org.apache.catalina.core.ApplicationContext log
INFO: ContextListener: contextDestroyed()
04.05.2012 19:12:57 org.apache.catalina.core.ApplicationContext log
INFO: ContextListener: contextInitialized()
04.05.2012 19:12:57 org.apache.catalina.core.ApplicationContext log
INFO: SessionListener: contextInitialized()
04.05.2012 19:12:57 org.apache.catalina.core.ApplicationContext log
INFO: ContextListener: attributeAdded('org.apache.jasper.compiler.TldLocationsCache', 'org.apache.jasper.compiler.TldLocationsCache@1021f34')
04.05.2012 19:12:57 org.apache.catalina.core.ApplicationContext log
INFO: SessionListener: contextDestroyed()
04.05.2012 19:12:57 org.apache.catalina.core.ApplicationContext log
INFO: ContextListener: contextDestroyed()
04.05.2012 19:19:54 org.apache.catalina.core.ApplicationContext log
INFO: ContextListener: contextInitialized()
04.05.2012 19:19:54 org.apache.catalina.core.ApplicationContext log
INFO: SessionListener: contextInitialized()
04.05.2012 19:19:54 org.apache.catalina.core.ApplicationContext log
INFO: ContextListener: attributeAdded('org.apache.jasper.compiler.TldLocationsCache', 'org.apache.jasper.compiler.TldLocationsCache@45e228')
04.05.2012 19:19:54 org.apache.catalina.core.ApplicationContext log
INFO: SessionListener: contextDestroyed()
04.05.2012 19:19:54 org.apache.catalina.core.ApplicationContext log
INFO: ContextListener: contextDestroyed()
04.05.2012 19:20:50 org.apache.catalina.core.ApplicationContext log
INFO: ContextListener: contextInitialized()
04.05.2012 19:20:50 org.apache.catalina.core.ApplicationContext log
INFO: SessionListener: contextInitialized()
04.05.2012 19:20:50 org.apache.catalina.core.ApplicationContext log
INFO: ContextListener: attributeAdded('org.apache.jasper.compiler.TldLocationsCache', 'org.apache.jasper.compiler.TldLocationsCache@45e228')
04.05.2012 19:20:50 org.apache.catalina.core.ApplicationContext log
INFO: SessionListener: contextDestroyed()
04.05.2012 19:20:50 org.apache.catalina.core.ApplicationContext log
INFO: ContextListener: contextDestroyed()
04.05.2012 19:24:47 org.apache.catalina.core.ApplicationContext log
INFO: ContextListener: contextInitialized()
04.05.2012 19:24:47 org.apache.catalina.core.ApplicationContext log
INFO: SessionListener: contextInitialized()
04.05.2012 19:24:47 org.apache.catalina.core.ApplicationContext log
INFO: ContextListener: attributeAdded('org.apache.jasper.compiler.TldLocationsCache', 'org.apache.jasper.compiler.TldLocationsCache@45e228')
04.05.2012 19:24:47 org.apache.catalina.core.ApplicationContext log
INFO: SessionListener: contextDestroyed()
04.05.2012 19:24:47 org.apache.catalina.core.ApplicationContext log
INFO: ContextListener: contextDestroyed()
04.05.2012 19:27:59 org.apache.catalina.core.ApplicationContext log
INFO: ContextListener: contextInitialized()
04.05.2012 19:27:59 org.apache.catalina.core.ApplicationContext log
INFO: SessionListener: contextInitialized()
04.05.2012 19:27:59 org.apache.catalina.core.ApplicationContext log
INFO: ContextListener: attributeAdded('org.apache.jasper.compiler.TldLocationsCache', 'org.apache.jasper.compiler.TldLocationsCache@45e228')
04.05.2012 19:27:59 org.apache.catalina.core.ApplicationContext log
INFO: SessionListener: contextDestroyed()
04.05.2012 19:27:59 org.apache.catalina.core.ApplicationContext log
INFO: ContextListener: contextDestroyed()
